<?xml version="1.0" encoding="UTF-8"?>
<testsuite xmlns:xsi="http://www.w3.org/2001/XMLSchema-instance" xsi:noNamespaceSchemaLocation="https://maven.apache.org/surefire/maven-surefire-plugin/xsd/surefire-test-report.xsd" name="com.exa.data.XadataApplicationTests" time="0.101" tests="2" errors="0" skipped="0" failures="0">
  <properties>
[...]
</properties>
  <testcase name="test0" classname="com.exa.data.XadataApplicationTests" time="0.001"/>
  <testcase name="testMapReader" classname="com.exa.data.XadataApplicationTests" time="0.095"/>
</testsuite>